<?xml version="1.0" encoding="UTF-8"?>
<!-- Generated by org.testng.reporters.JUnitReportReporter -->
<testsuite hostname="DESKTOP-4BN22KQ" failures="0" tests="1" name="test.NewCustomerTest" time="30.142" errors="0" timestamp="2024-03-11T21:23:57 CDT" skipped="0">
  <testcase classname="test.NewCustomerTest" name="userShouldBeableToAddCustomer" time="30.142"/>
</testsuite> <!-- test.NewCustomerTest -->
