<?xml version="1.0" encoding="UTF-8"?>
<!-- Generated by org.testng.reporters.JUnitReportReporter -->
<testsuite hostname="DESKTOP-4BN22KQ" failures="0" tests="1" name="test.LoginTest" time="22.533" errors="0" timestamp="2024-03-11T21:05:09 CDT" skipped="0">
  <testcase classname="test.LoginTest" name="UserShouldBeAbleToLogin" time="22.533"/>
</testsuite> <!-- test.LoginTest -->
